This file contains any messages produced by compilers while
running configure, to aid debugging if configure makes a mistake.

It was created by configure, which was
generated by GNU Autoconf 2.69.  Invocation command line was

  $ ./configure --enable-mpi --enable-shared --enable-second --enable-petsc --enable-vtk --enable-amr --with-vtk-lib=/home/libs/VTK_X64/lib/vtk-5.10/ --with-vtk-include=/home/libs/VTK_X64/include/vtk-5.10/ --disable-fparser

## --------- ##
## Platform. ##
## --------- ##

hostname = BLAN.MIT.EDU
uname -m = x86_64
uname -r = 4.4.5-200.fc22.x86_64
uname -s = Linux
uname -v = #1 SMP Thu Mar 10 17:54:17 UTC 2016

/usr/bin/uname -p = x86_64
/bin/uname -X     = unknown

/bin/arch              = x86_64
/usr/bin/arch -k       = unknown
/usr/convex/getsysinfo = unknown
/usr/bin/hostinfo      = unknown
/bin/machine           = unknown
/usr/bin/oslevel       = unknown
/bin/universe          = unknown

PATH: /home/libs/OPENMPI/bin
PATH: /math/software/pkg/texlive/current/bin
PATH: /math/software/pkg/mathematica/mathematica-9.0.1/bin
PATH: /math/software/pkg/matlab/matlab-2014b/bin
PATH: /math/software/pkg/maple/maple-18/bin
PATH: /usr/lib64/qt-3.3/bin
PATH: /usr/local/bin
PATH: /usr/bin
PATH: /usr/local/sbin
PATH: /usr/sbin
PATH: /math/software/pkg/scripts


## ----------- ##
## Core tests. ##
## ----------- ##

configure:2772: result: ---------------------------------------------
configure:2774: result: ----------- Configuring libMesh -------------
configure:2776: result: ---------------------------------------------
configure:2819: checking build system type
configure:2833: result: x86_64-unknown-linux-gnu
configure:2853: checking host system type
configure:2866: result: x86_64-unknown-linux-gnu
configure:2886: checking target system type
configure:2899: result: x86_64-unknown-linux-gnu
configure:3014: checking for mpicxx
configure:3030: found /home/libs/OPENMPI/bin/mpicxx
configure:3041: result: mpicxx
configure:3068: checking for C++ compiler version
configure:3077: mpicxx --version >&5
g++ (GCC) 5.3.1 20151207 (Red Hat 5.3.1-2)
Copyright (C) 2015 Free Software Foundation, Inc.
This is free software; see the source for copying conditions.  There is NO
warranty; not even for MERCHANTABILITY or FITNESS FOR A PARTICULAR PURPOSE.

configure:3088: $? = 0
configure:3077: mpicxx -v >&5
Using built-in specs.
COLLECT_GCC=/usr/bin/g++
COLLECT_LTO_WRAPPER=/usr/libexec/gcc/x86_64-redhat-linux/5.3.1/lto-wrapper
Target: x86_64-redhat-linux
Configured with: ../configure --enable-bootstrap --enable-languages=c,c++,objc,obj-c++,fortran,ada,go,lto --prefix=/usr --mandir=/usr/share/man --infodir=/usr/share/info --with-bugurl=http://bugzilla.redhat.com/bugzilla --enable-shared --enable-threads=posix --enable-checking=release --enable-multilib --with-system-zlib --enable-__cxa_atexit --disable-libunwind-exceptions --enable-gnu-unique-object --enable-linker-build-id --with-linker-hash-style=gnu --enable-plugin --enable-initfini-array --disable-libgcj --with-default-libstdcxx-abi=gcc4-compatible --with-isl --enable-libmpx --enable-gnu-indirect-function --with-tune=generic --with-arch_32=i686 --build=x86_64-redhat-linux
Thread model: posix
gcc version 5.3.1 20151207 (Red Hat 5.3.1-2) (GCC) 
configure:3088: $? = 0
configure:3077: mpicxx -V >&5
g++: error: unrecognized command line option '-V'
g++: fatal error: no input files
compilation terminated.
configure:3088: $? = 1
configure:3077: mpicxx -qversion >&5
g++: error: unrecognized command line option '-qversion'
g++: fatal error: no input files
compilation terminated.
configure:3088: $? = 1
configure:3108: checking whether the C++ compiler works
configure:3130: mpicxx    conftest.cpp  >&5
configure:3134: $? = 0
configure:3182: result: yes
configure:3185: checking for C++ compiler default output file name
configure:3187: result: a.out
configure:3193: checking for suffix of executables
configure:3200: mpicxx -o conftest    conftest.cpp  >&5
configure:3204: $? = 0
configure:3226: result: 
configure:3248: checking whether we are cross compiling
configure:3256: mpicxx -o conftest    conftest.cpp  >&5
configure:3260: $? = 0
configure:3267: ./conftest
configure:3271: $? = 0
configure:3286: result: no
configure:3291: checking for suffix of object files
configure:3313: mpicxx -c   conftest.cpp >&5
configure:3317: $? = 0
configure:3338: result: o
configure:3342: checking whether we are using the GNU C++ compiler
configure:3361: mpicxx -c   conftest.cpp >&5
configure:3361: $? = 0
configure:3370: result: yes
configure:3379: checking whether mpicxx accepts -g
configure:3399: mpicxx -c -g  conftest.cpp >&5
configure:3399: $? = 0
configure:3440: result: yes
configure:3573: result: <<< C++ compiler is unknown but accepted gcc version >>>
configure:3857: checking for mpicc
configure:3873: found /home/libs/OPENMPI/bin/mpicc
configure:3884: result: mpicc
configure:3915: checking for C compiler version
configure:3924: mpicc --version >&5
gcc (GCC) 5.3.1 20151207 (Red Hat 5.3.1-2)
Copyright (C) 2015 Free Software Foundation, Inc.
This is free software; see the source for copying conditions.  There is NO
warranty; not even for MERCHANTABILITY or FITNESS FOR A PARTICULAR PURPOSE.

configure:3935: $? = 0
configure:3924: mpicc -v >&5
Using built-in specs.
COLLECT_GCC=/usr/bin/gcc
COLLECT_LTO_WRAPPER=/usr/libexec/gcc/x86_64-redhat-linux/5.3.1/lto-wrapper
Target: x86_64-redhat-linux
Configured with: ../configure --enable-bootstrap --enable-languages=c,c++,objc,obj-c++,fortran,ada,go,lto --prefix=/usr --mandir=/usr/share/man --infodir=/usr/share/info --with-bugurl=http://bugzilla.redhat.com/bugzilla --enable-shared --enable-threads=posix --enable-checking=release --enable-multilib --with-system-zlib --enable-__cxa_atexit --disable-libunwind-exceptions --enable-gnu-unique-object --enable-linker-build-id --with-linker-hash-style=gnu --enable-plugin --enable-initfini-array --disable-libgcj --with-default-libstdcxx-abi=gcc4-compatible --with-isl --enable-libmpx --enable-gnu-indirect-function --with-tune=generic --with-arch_32=i686 --build=x86_64-redhat-linux
Thread model: posix
gcc version 5.3.1 20151207 (Red Hat 5.3.1-2) (GCC) 
configure:3935: $? = 0
configure:3924: mpicc -V >&5
gcc: error: unrecognized command line option '-V'
gcc: fatal error: no input files
compilation terminated.
configure:3935: $? = 1
configure:3924: mpicc -qversion >&5
gcc: error: unrecognized command line option '-qversion'
gcc: fatal error: no input files
compilation terminated.
configure:3935: $? = 1
configure:3939: checking whether we are using the GNU C compiler
configure:3958: mpicc -c   conftest.c >&5
configure:3958: $? = 0
configure:3967: result: yes
configure:3976: checking whether mpicc accepts -g
configure:3996: mpicc -c -g  conftest.c >&5
configure:3996: $? = 0
configure:4037: result: yes
configure:4054: checking for mpicc option to accept ISO C89
configure:4117: mpicc  -c -g -O2  conftest.c >&5
configure:4117: $? = 0
configure:4130: result: none needed
configure:4217: checking for mpif90
configure:4233: found /home/libs/OPENMPI/bin/mpif90
configure:4244: result: mpif90
configure:4270: checking for Fortran compiler version
configure:4279: mpif90 --version >&5
GNU Fortran (GCC) 5.3.1 20151207 (Red Hat 5.3.1-2)
Copyright (C) 2015 Free Software Foundation, Inc.

GNU Fortran comes with NO WARRANTY, to the extent permitted by law.
You may redistribute copies of GNU Fortran
under the terms of the GNU General Public License.
For more information about these matters, see the file named COPYING

configure:4290: $? = 0
configure:4279: mpif90 -v >&5
Using built-in specs.
COLLECT_GCC=/usr/bin/gfortran
COLLECT_LTO_WRAPPER=/usr/libexec/gcc/x86_64-redhat-linux/5.3.1/lto-wrapper
Target: x86_64-redhat-linux
Configured with: ../configure --enable-bootstrap --enable-languages=c,c++,objc,obj-c++,fortran,ada,go,lto --prefix=/usr --mandir=/usr/share/man --infodir=/usr/share/info --with-bugurl=http://bugzilla.redhat.com/bugzilla --enable-shared --enable-threads=posix --enable-checking=release --enable-multilib --with-system-zlib --enable-__cxa_atexit --disable-libunwind-exceptions --enable-gnu-unique-object --enable-linker-build-id --with-linker-hash-style=gnu --enable-plugin --enable-initfini-array --disable-libgcj --with-default-libstdcxx-abi=gcc4-compatible --with-isl --enable-libmpx --enable-gnu-indirect-function --with-tune=generic --with-arch_32=i686 --build=x86_64-redhat-linux
Thread model: posix
gcc version 5.3.1 20151207 (Red Hat 5.3.1-2) (GCC) 
configure:4290: $? = 0
configure:4279: mpif90 -V >&5
gfortran: error: unrecognized command line option '-V'
gfortran: fatal error: no input files
compilation terminated.
configure:4290: $? = 1
configure:4279: mpif90 -qversion >&5
gfortran: error: unrecognized command line option '-qversion'
gfortran: fatal error: no input files
compilation terminated.
configure:4290: $? = 1
configure:4299: checking whether we are using the GNU Fortran compiler
configure:4312: mpif90 -c   conftest.F >&5
configure:4312: $? = 0
configure:4321: result: yes
configure:4327: checking whether mpif90 accepts -g
configure:4338: mpif90 -c -g  conftest.f >&5
configure:4338: $? = 0
configure:4346: result: yes
configure:4442: checking for mpif77
configure:4458: found /home/libs/OPENMPI/bin/mpif77
configure:4469: result: mpif77
configure:4495: checking for Fortran 77 compiler version
configure:4504: mpif77 --version >&5
GNU Fortran (GCC) 5.3.1 20151207 (Red Hat 5.3.1-2)
Copyright (C) 2015 Free Software Foundation, Inc.

GNU Fortran comes with NO WARRANTY, to the extent permitted by law.
You may redistribute copies of GNU Fortran
under the terms of the GNU General Public License.
For more information about these matters, see the file named COPYING

configure:4515: $? = 0
configure:4504: mpif77 -v >&5
Using built-in specs.
COLLECT_GCC=/usr/bin/gfortran
COLLECT_LTO_WRAPPER=/usr/libexec/gcc/x86_64-redhat-linux/5.3.1/lto-wrapper
Target: x86_64-redhat-linux
Configured with: ../configure --enable-bootstrap --enable-languages=c,c++,objc,obj-c++,fortran,ada,go,lto --prefix=/usr --mandir=/usr/share/man --infodir=/usr/share/info --with-bugurl=http://bugzilla.redhat.com/bugzilla --enable-shared --enable-threads=posix --enable-checking=release --enable-multilib --with-system-zlib --enable-__cxa_atexit --disable-libunwind-exceptions --enable-gnu-unique-object --enable-linker-build-id --with-linker-hash-style=gnu --enable-plugin --enable-initfini-array --disable-libgcj --with-default-libstdcxx-abi=gcc4-compatible --with-isl --enable-libmpx --enable-gnu-indirect-function --with-tune=generic --with-arch_32=i686 --build=x86_64-redhat-linux
Thread model: posix
gcc version 5.3.1 20151207 (Red Hat 5.3.1-2) (GCC) 
configure:4515: $? = 0
configure:4504: mpif77 -V >&5
gfortran: error: unrecognized command line option '-V'
gfortran: fatal error: no input files
compilation terminated.
configure:4515: $? = 1
configure:4504: mpif77 -qversion >&5
gfortran: error: unrecognized command line option '-qversion'
gfortran: fatal error: no input files
compilation terminated.
configure:4515: $? = 1
configure:4524: checking whether we are using the GNU Fortran 77 compiler
configure:4537: mpif77 -c  conftest.F >&5
configure:4537: $? = 0
configure:4546: result: yes
configure:4552: checking whether mpif77 accepts -g
configure:4563: mpif77 -c -g conftest.f >&5
configure:4563: $? = 0
configure:4571: result: yes
configure:4672: result: <<< Default floating point is double precision (double) >>>
configure:4679: checking for C/C++ restrict keyword
configure:4704: mpicxx -c -g -O2  conftest.cpp >&5
configure:4704: $? = 0
configure:4712: result: __restrict
configure:4739: result: <<< Configuring library with getpwuid >>>
configure:4768: result: <<< Configuring library with exception throwing support >>>
configure:5255: checking how to run the C++ preprocessor
configure:5282: mpicxx -E  conftest.cpp
configure:5282: $? = 0
configure:5296: mpicxx -E  conftest.cpp
conftest.cpp:15:28: fatal error: ac_nonexistent.h: No such file or directory
compilation terminated.
configure:5296: $? = 1
configure: failed program was:
| /* confdefs.h */
| #define PACKAGE_NAME ""
| #define PACKAGE_TARNAME ""
| #define PACKAGE_VERSION ""
| #define PACKAGE_STRING ""
| #define PACKAGE_BUGREPORT ""
| #define PACKAGE_URL ""
| #define CONFIGURE_INFO "./configure run on Fri Apr 15 15:11:44 EDT 2016"
| #define DEFAULT_DOUBLE_PRECISION 1
| #define DEFAULT_SCALAR_TYPE double
| #define restrict __restrict
| #define HAVE_GETPWUID 1
| #define ENABLE_EXCEPTIONS 1
| /* end confdefs.h.  */
| #include <ac_nonexistent.h>
configure:5321: result: mpicxx -E
configure:5341: mpicxx -E  conftest.cpp
configure:5341: $? = 0
configure:5355: mpicxx -E  conftest.cpp
conftest.cpp:15:28: fatal error: ac_nonexistent.h: No such file or directory
compilation terminated.
configure:5355: $? = 1
configure: failed program was:
| /* confdefs.h */
| #define PACKAGE_NAME ""
| #define PACKAGE_TARNAME ""
| #define PACKAGE_VERSION ""
| #define PACKAGE_STRING ""
| #define PACKAGE_BUGREPORT ""
| #define PACKAGE_URL ""
| #define CONFIGURE_INFO "./configure run on Fri Apr 15 15:11:44 EDT 2016"
| #define DEFAULT_DOUBLE_PRECISION 1
| #define DEFAULT_SCALAR_TYPE double
| #define restrict __restrict
| #define HAVE_GETPWUID 1
| #define ENABLE_EXCEPTIONS 1
| /* end confdefs.h.  */
| #include <ac_nonexistent.h>
configure:5384: checking for grep that handles long lines and -e
configure:5442: result: /usr/bin/grep
configure:5447: checking for egrep
configure:5509: result: /usr/bin/grep -E
configure:5514: checking for ANSI C header files
configure:5534: mpicxx -c -g -O2  conftest.cpp >&5
configure:5534: $? = 0
configure:5607: mpicxx -o conftest -g -O2   conftest.cpp  >&5
configure:5607: $? = 0
configure:5607: ./conftest
configure:5607: $? = 0
configure:5618: result: yes
configure:5631: checking for sys/types.h
configure:5631: mpicxx -c -g -O2  conftest.cpp >&5
configure:5631: $? = 0
configure:5631: result: yes
configure:5631: checking for sys/stat.h
configure:5631: mpicxx -c -g -O2  conftest.cpp >&5
configure:5631: $? = 0
configure:5631: result: yes
configure:5631: checking for stdlib.h
configure:5631: mpicxx -c -g -O2  conftest.cpp >&5
configure:5631: $? = 0
configure:5631: result: yes
configure:5631: checking for string.h
configure:5631: mpicxx -c -g -O2  conftest.cpp >&5
configure:5631: $? = 0
configure:5631: result: yes
configure:5631: checking for memory.h
configure:5631: mpicxx -c -g -O2  conftest.cpp >&5
configure:5631: $? = 0
configure:5631: result: yes
configure:5631: checking for strings.h
configure:5631: mpicxx -c -g -O2  conftest.cpp >&5
configure:5631: $? = 0
configure:5631: result: yes
configure:5631: checking for inttypes.h
configure:5631: mpicxx -c -g -O2  conftest.cpp >&5
configure:5631: $? = 0
configure:5631: result: yes
configure:5631: checking for stdint.h
configure:5631: mpicxx -c -g -O2  conftest.cpp >&5
configure:5631: $? = 0
configure:5631: result: yes
configure:5631: checking for unistd.h
configure:5631: mpicxx -c -g -O2  conftest.cpp >&5
configure:5631: $? = 0
configure:5631: result: yes
configure:5647: checking size of short int
configure:5652: mpicxx -o conftest -g -O2   conftest.cpp  >&5
configure:5652: $? = 0
configure:5652: ./conftest
configure:5652: $? = 0
configure:5666: result: 2
configure:5680: checking size of int
configure:5685: mpicxx -o conftest -g -O2   conftest.cpp  >&5
configure:5685: $? = 0
configure:5685: ./conftest
configure:5685: $? = 0
configure:5699: result: 4
configure:5713: checking size of unsigned int
configure:5718: mpicxx -o conftest -g -O2   conftest.cpp  >&5
configure:5718: $? = 0
configure:5718: ./conftest
configure:5718: $? = 0
configure:5732: result: 4
configure:5746: checking size of long int
configure:5751: mpicxx -o conftest -g -O2   conftest.cpp  >&5
configure:5751: $? = 0
configure:5751: ./conftest
configure:5751: $? = 0
configure:5765: result: 8
configure:5779: checking size of float
configure:5784: mpicxx -o conftest -g -O2   conftest.cpp  >&5
configure:5784: $? = 0
configure:5784: ./conftest
configure:5784: $? = 0
configure:5798: result: 4
configure:5812: checking size of double
configure:5817: mpicxx -o conftest -g -O2   conftest.cpp  >&5
configure:5817: $? = 0
configure:5817: ./conftest
configure:5817: $? = 0
configure:5831: result: 8
configure:5845: checking size of void *
configure:5850: mpicxx -o conftest -g -O2   conftest.cpp  >&5
configure:5850: $? = 0
configure:5850: ./conftest
configure:5850: $? = 0
configure:5864: result: 8
configure:5878: checking size of function_pointer
configure:5883: mpicxx -o conftest -g -O2   conftest.cpp  >&5
configure:5883: $? = 0
configure:5883: ./conftest
configure:5883: $? = 0
configure:5898: result: 8
configure:5928: result: configuring size of subdomain_id... 2
configure:5943: checking whether the compiler supports Run-Time Type Identification
configure:5978: mpicxx -c -g -O2  conftest.cpp >&5
configure:5978: $? = 0
configure:5992: result: yes
configure:6004: checking getopt.h usability
configure:6004: mpicxx -c -g -O2  conftest.cpp >&5
configure:6004: $? = 0
configure:6004: result: yes
configure:6004: checking getopt.h presence
configure:6004: mpicxx -E  conftest.cpp
configure:6004: $? = 0
configure:6004: result: yes
configure:6004: checking for getopt.h
configure:6004: result: yes
configure:6016: checking csignal usability
configure:6016: mpicxx -c -g -O2  conftest.cpp >&5
configure:6016: $? = 0
configure:6016: result: yes
configure:6016: checking csignal presence
configure:6016: mpicxx -E  conftest.cpp
configure:6016: $? = 0
configure:6016: result: yes
configure:6016: checking for csignal
configure:6016: result: yes
configure:6028: checking sys/resource.h usability
configure:6028: mpicxx -c -g -O2  conftest.cpp >&5
configure:6028: $? = 0
configure:6028: result: yes
configure:6028: checking sys/resource.h presence
configure:6028: mpicxx -E  conftest.cpp
configure:6028: $? = 0
configure:6028: result: yes
configure:6028: checking for sys/resource.h
configure:6028: result: yes
configure:6040: checking fenv.h usability
configure:6040: mpicxx -c -g -O2  conftest.cpp >&5
configure:6040: $? = 0
configure:6040: result: yes
configure:6040: checking fenv.h presence
configure:6040: mpicxx -E  conftest.cpp
configure:6040: $? = 0
configure:6040: result: yes
configure:6040: checking for fenv.h
configure:6040: result: yes
configure:6052: checking xmmintrin.h usability
configure:6052: mpicxx -c -g -O2  conftest.cpp >&5
configure:6052: $? = 0
configure:6052: result: yes
configure:6052: checking xmmintrin.h presence
configure:6052: mpicxx -E  conftest.cpp
configure:6052: $? = 0
configure:6052: result: yes
configure:6052: checking for xmmintrin.h
configure:6052: result: yes
configure:6062: checking whether the compiler implements namespaces
configure:6085: mpicxx -c -g -O2  conftest.cpp >&5
configure:6085: $? = 0
configure:6099: result: yes
configure:6107: checking whether the compiler has locale
configure:6134: mpicxx -c -g -O2  conftest.cpp >&5
configure:6134: $? = 0
configure:6148: result: yes
configure:6156: checking whether the compiler has stringstream
configure:6183: mpicxx -c -g -O2  conftest.cpp >&5
configure:6183: $? = 0
configure:6197: result: yes
configure:6272: checking whether the compiler supports std::unordered_multimap
configure:6300: mpicxx -c -g -O2  conftest.cpp >&5
In file included from /usr/include/c++/5.3.1/unordered_map:35:0,
                 from conftest.cpp:44:
/usr/include/c++/5.3.1/bits/c++0x_warning.h:32:2: error: #error This file requires compiler and library support for the ISO C++ 2011 standard. This support is currently experimental, and must be enabled with the -std=c++11 or -std=gnu++11 compiler options.
 #error This file requires compiler and library support for the \
  ^
conftest.cpp: In function 'int main()':
conftest.cpp:49:3: error: 'unordered_multimap' is not a member of 'std'
   std::unordered_multimap<int, int> m;
   ^
conftest.cpp:49:27: error: expected primary-expression before 'int'
   std::unordered_multimap<int, int> m;
                           ^
conftest.cpp:50:3: error: 'm' was not declared in this scope
   m.insert(std::make_pair(1, 2));
   ^
conftest.cpp:50:12: error: 'make_pair' is not a member of 'std'
   m.insert(std::make_pair(1, 2));
            ^
conftest.cpp:51:12: error: 'make_pair' is not a member of 'std'
   m.insert(std::make_pair(1, 3));
            ^
configure:6300: $? = 1
configure: failed program was:
| /* confdefs.h */
| #define PACKAGE_NAME ""
| #define PACKAGE_TARNAME ""
| #define PACKAGE_VERSION ""
| #define PACKAGE_STRING ""
| #define PACKAGE_BUGREPORT ""
| #define PACKAGE_URL ""
| #define CONFIGURE_INFO "./configure run on Fri Apr 15 15:11:44 EDT 2016"
| #define DEFAULT_DOUBLE_PRECISION 1
| #define DEFAULT_SCALAR_TYPE double
| #define restrict __restrict
| #define HAVE_GETPWUID 1
| #define ENABLE_EXCEPTIONS 1
| #define STDC_HEADERS 1
| #define HAVE_SYS_TYPES_H 1
| #define HAVE_SYS_STAT_H 1
| #define HAVE_STDLIB_H 1
| #define HAVE_STRING_H 1
| #define HAVE_MEMORY_H 1
| #define HAVE_STRINGS_H 1
| #define HAVE_INTTYPES_H 1
| #define HAVE_STDINT_H 1
| #define HAVE_UNISTD_H 1
| #define SIZEOF_SHORT_INT 2
| #define SIZEOF_INT 4
| #define SIZEOF_UNSIGNED_INT 4
| #define SIZEOF_LONG_INT 8
| #define SIZEOF_FLOAT 4
| #define SIZEOF_DOUBLE 8
| #define SIZEOF_VOID_P 8
| #define SIZEOF_FUNCTION_POINTER 8
| #define SUBDOMAIN_ID_BYTES 2
| #define HAVE_RTTI /**/
| #define HAVE_GETOPT_H 1
| #define HAVE_CSIGNAL 1
| #define HAVE_SYS_RESOURCE_H 1
| #define HAVE_FENV_H 1
| #define HAVE_XMMINTRIN_H 1
| #define HAVE_NAMESPACES /**/
| #define HAVE_LOCALE /**/
| #define HAVE_SSTREAM /**/
| #define HAVE_STRINGSTREAM /**/
| /* end confdefs.h.  */
| #include <unordered_map>
| int
| main ()
| {
| 
|   std::unordered_multimap<int, int> m;
|   m.insert(std::make_pair(1, 2));
|   m.insert(std::make_pair(1, 3));
|   if (m.size() != 2) return 1;
| 
|   ;
|   return 0;
| }
configure:6314: result: no
configure:6337: checking whether the compiler supports std::tr1::unordered_multimap
configure:6365: mpicxx -c -g -O2  conftest.cpp >&5
configure:6365: $? = 0
configure:6379: result: yes
configure:6602: checking whether the compiler supports std::unordered_map
configure:6628: mpicxx -c -g -O2  conftest.cpp >&5
In file included from /usr/include/c++/5.3.1/unordered_map:35:0,
                 from conftest.cpp:49:
/usr/include/c++/5.3.1/bits/c++0x_warning.h:32:2: error: #error This file requires compiler and library support for the ISO C++ 2011 standard. This support is currently experimental, and must be enabled with the -std=c++11 or -std=gnu++11 compiler options.
 #error This file requires compiler and library support for the \
  ^
conftest.cpp: In function 'int main()':
conftest.cpp:54:3: error: 'unordered_map' is not a member of 'std'
   std::unordered_map<int, int> m;
   ^
conftest.cpp:54:22: error: expected primary-expression before 'int'
   std::unordered_map<int, int> m;
                      ^
conftest.cpp:55:3: error: 'm' was not declared in this scope
   m.insert(std::make_pair(1, 2));
   ^
conftest.cpp:55:12: error: 'make_pair' is not a member of 'std'
   m.insert(std::make_pair(1, 2));
            ^
configure:6628: $? = 1
configure: failed program was:
| /* confdefs.h */
| #define PACKAGE_NAME ""
| #define PACKAGE_TARNAME ""
| #define PACKAGE_VERSION ""
| #define PACKAGE_STRING ""
| #define PACKAGE_BUGREPORT ""
| #define PACKAGE_URL ""
| #define CONFIGURE_INFO "./configure run on Fri Apr 15 15:11:44 EDT 2016"
| #define DEFAULT_DOUBLE_PRECISION 1
| #define DEFAULT_SCALAR_TYPE double
| #define restrict __restrict
| #define HAVE_GETPWUID 1
| #define ENABLE_EXCEPTIONS 1
| #define STDC_HEADERS 1
| #define HAVE_SYS_TYPES_H 1
| #define HAVE_SYS_STAT_H 1
| #define HAVE_STDLIB_H 1
| #define HAVE_STRING_H 1
| #define HAVE_MEMORY_H 1
| #define HAVE_STRINGS_H 1
| #define HAVE_INTTYPES_H 1
| #define HAVE_STDINT_H 1
| #define HAVE_UNISTD_H 1
| #define SIZEOF_SHORT_INT 2
| #define SIZEOF_INT 4
| #define SIZEOF_UNSIGNED_INT 4
| #define SIZEOF_LONG_INT 8
| #define SIZEOF_FLOAT 4
| #define SIZEOF_DOUBLE 8
| #define SIZEOF_VOID_P 8
| #define SIZEOF_FUNCTION_POINTER 8
| #define SUBDOMAIN_ID_BYTES 2
| #define HAVE_RTTI /**/
| #define HAVE_GETOPT_H 1
| #define HAVE_CSIGNAL 1
| #define HAVE_SYS_RESOURCE_H 1
| #define HAVE_FENV_H 1
| #define HAVE_XMMINTRIN_H 1
| #define HAVE_NAMESPACES /**/
| #define HAVE_LOCALE /**/
| #define HAVE_SSTREAM /**/
| #define HAVE_STRINGSTREAM /**/
| #define HAVE_TR1_UNORDERED_MULTIMAP 1
| #define BEST_UNORDERED_MULTIMAP std::tr1::unordered_multimap
| #define INCLUDE_UNORDERED_MULTIMAP <tr1/unordered_map>
| #define DEFINE_HASH_STRING /**/
| #define DEFINE_HASH_POINTERS /**/
| /* end confdefs.h.  */
| #include <unordered_map>
| int
| main ()
| {
| 
|   std::unordered_map<int, int> m;
|   m.insert(std::make_pair(1, 2));
| 
|   ;
|   return 0;
| }
configure:6642: result: no
configure:6665: checking whether the compiler supports std::tr1::unordered_map
configure:6691: mpicxx -c -g -O2  conftest.cpp >&5
configure:6691: $? = 0
configure:6705: result: yes
configure:6926: checking whether the compiler supports std::unordered_set
configure:6952: mpicxx -c -g -O2  conftest.cpp >&5
In file included from /usr/include/c++/5.3.1/unordered_set:35:0,
                 from conftest.cpp:54:
/usr/include/c++/5.3.1/bits/c++0x_warning.h:32:2: error: #error This file requires compiler and library support for the ISO C++ 2011 standard. This support is currently experimental, and must be enabled with the -std=c++11 or -std=gnu++11 compiler options.
 #error This file requires compiler and library support for the \
  ^
conftest.cpp: In function 'int main()':
conftest.cpp:59:3: error: 'unordered_set' is not a member of 'std'
   std::unordered_set<int, int> m;
   ^
conftest.cpp:59:22: error: expected primary-expression before 'int'
   std::unordered_set<int, int> m;
                      ^
conftest.cpp:60:3: error: 'm' was not declared in this scope
   m.insert(std::make_pair(1, 2));
   ^
conftest.cpp:60:12: error: 'make_pair' is not a member of 'std'
   m.insert(std::make_pair(1, 2));
            ^
configure:6952: $? = 1
configure: failed program was:
| /* confdefs.h */
| #define PACKAGE_NAME ""
| #define PACKAGE_TARNAME ""
| #define PACKAGE_VERSION ""
| #define PACKAGE_STRING ""
| #define PACKAGE_BUGREPORT ""
| #define PACKAGE_URL ""
| #define CONFIGURE_INFO "./configure run on Fri Apr 15 15:11:44 EDT 2016"
| #define DEFAULT_DOUBLE_PRECISION 1
| #define DEFAULT_SCALAR_TYPE double
| #define restrict __restrict
| #define HAVE_GETPWUID 1
| #define ENABLE_EXCEPTIONS 1
| #define STDC_HEADERS 1
| #define HAVE_SYS_TYPES_H 1
| #define HAVE_SYS_STAT_H 1
| #define HAVE_STDLIB_H 1
| #define HAVE_STRING_H 1
| #define HAVE_MEMORY_H 1
| #define HAVE_STRINGS_H 1
| #define HAVE_INTTYPES_H 1
| #define HAVE_STDINT_H 1
| #define HAVE_UNISTD_H 1
| #define SIZEOF_SHORT_INT 2
| #define SIZEOF_INT 4
| #define SIZEOF_UNSIGNED_INT 4
| #define SIZEOF_LONG_INT 8
| #define SIZEOF_FLOAT 4
| #define SIZEOF_DOUBLE 8
| #define SIZEOF_VOID_P 8
| #define SIZEOF_FUNCTION_POINTER 8
| #define SUBDOMAIN_ID_BYTES 2
| #define HAVE_RTTI /**/
| #define HAVE_GETOPT_H 1
| #define HAVE_CSIGNAL 1
| #define HAVE_SYS_RESOURCE_H 1
| #define HAVE_FENV_H 1
| #define HAVE_XMMINTRIN_H 1
| #define HAVE_NAMESPACES /**/
| #define HAVE_LOCALE /**/
| #define HAVE_SSTREAM /**/
| #define HAVE_STRINGSTREAM /**/
| #define HAVE_TR1_UNORDERED_MULTIMAP 1
| #define BEST_UNORDERED_MULTIMAP std::tr1::unordered_multimap
| #define INCLUDE_UNORDERED_MULTIMAP <tr1/unordered_map>
| #define DEFINE_HASH_STRING /**/
| #define DEFINE_HASH_POINTERS /**/
| #define HAVE_TR1_UNORDERED_MAP 1
| #define BEST_UNORDERED_MAP std::tr1::unordered_map
| #define INCLUDE_UNORDERED_MAP <tr1/unordered_map>
| #define DEFINE_HASH_STRING /**/
| #define DEFINE_HASH_POINTERS /**/
| /* end confdefs.h.  */
| #include <unordered_set>
| int
| main ()
| {
| 
|   std::unordered_set<int, int> m;
|   m.insert(std::make_pair(1, 2));
| 
|   ;
|   return 0;
| }
configure:6966: result: no
configure:6989: checking whether the compiler supports std::tr1::unordered_set
configure:7015: mpicxx -c -g -O2  conftest.cpp >&5
configure:7015: $? = 0
configure:7029: result: yes
configure:7443: checking dlfcn.h usability
configure:7443: mpicxx -c -g -O2  conftest.cpp >&5
configure:7443: $? = 0
configure:7443: result: yes
configure:7443: checking dlfcn.h presence
configure:7443: mpicxx -E  conftest.cpp
configure:7443: $? = 0
configure:7443: result: yes
configure:7443: checking for dlfcn.h
configure:7443: result: yes
configure:7453: checking whether the compiler supports GCC C++ ABI name demangling
configure:7491: mpicxx -c -g -O2  conftest.cpp >&5
configure:7491: $? = 0
configure:7505: result: yes
configure:7513: checking whether the c++ compiler supports glibc backtrace
configure:7539: mpicxx -c -g -O2  conftest.cpp >&5
configure:7539: $? = 0
configure:7553: result: yes
configure:7724: checking for boostlib >= 1.20.0
configure:7795: mpicxx -c -g -O2  -I/usr/include/ conftest.cpp >&5
configure:7795: $? = 0
configure:7797: result: yes
configure:7935: result: <<< Using external boost installation >>>
configure:8269: result: <<< Configuring library with AMR support >>>
configure:8287: result: <<< Configuring library with variational smoother support >>>
configure:8305: result: <<< Configuring library with periodic BC support >>>
configure:8322: result: <<< Configuring library with Dirichlet constraint support >>>
configure:8376: result: <<< Configuring library to use ghosted local vectors >>>
configure:8428: result: <<< Configuring library with higher order p-FEM shapes >>>
configure:8464: result: <<< Configuring library with second derivatives >>>
configure:8481: checking rpc/rpc.h usability
configure:8481: mpicxx -c -g -O2  conftest.cpp >&5
configure:8481: $? = 0
configure:8481: result: yes
configure:8481: checking rpc/rpc.h presence
configure:8481: mpicxx -E  conftest.cpp
configure:8481: $? = 0
configure:8481: result: yes
configure:8481: checking for rpc/rpc.h
configure:8481: result: yes
configure:8487: checking for xdrstdio_create
configure:8487: mpicxx -o conftest -g -O2   conftest.cpp  >&5
configure:8487: $? = 0
configure:8487: result: yes
configure:8531: result: <<< Configuring library with real number support >>>
configure:8551: result: <<< Configuring library with reference counting support >>>
configure:8586: result: ---------------------------------------------
configure:8588: result: ----- Configuring for optional packages -----
configure:8590: result: ---------------------------------------------
configure:8678: checking for /home/libs/petsc-3.2-p5/include/petsc.h
configure:8692: result: yes
configure:8771: result: <<< Configuring library with MPI from PETSC config >>>
configure:8779: result: <<< Configuring library with PETSc version 3.2.0 support >>>
configure:9737: checking for /usr/lib/slepc/include/slepc.h
configure:9751: result: no
configure:9782: result: <<< Invalid "$SLEPC_DIR" detected (slepc.h not found). SLEPc disabled. >>>
configure:10505: checking for /usr/include/tbb/task_scheduler_init.h
configure:10519: result: no
configure:10602: checking for thread local storage (TLS) class
configure:10629: mpicxx -c -g -O2  conftest.cpp >&5
configure:10629: $? = 0
configure:10649: result: __thread
configure:10752: result: <<< Configuring library with Laspack support >>>
configure:10798: result: <<< Configuring library with SFC support >>>
configure:10842: checking zlib.h usability
configure:10842: mpicxx -c -g -O2  conftest.cpp >&5
configure:10842: $? = 0
configure:10842: result: yes
configure:10842: checking zlib.h presence
configure:10842: mpicxx -E  conftest.cpp
configure:10842: $? = 0
configure:10842: result: yes
configure:10842: checking for zlib.h
configure:10842: result: yes
configure:10852: checking for gzopen in -lz
configure:10877: mpicxx -o conftest -g -O2   conftest.cpp -lz   >&5
configure:10877: $? = 0
configure:10886: result: yes
configure:10900: result: <<< Configuring library with gzstreams support >>>
configure:10937: checking for bzip2
configure:10953: found /usr/bin/bzip2
configure:10965: result: bzip2
configure:10976: checking for bunzip2
configure:10992: found /usr/bin/bunzip2
configure:11004: result: bunzip2
configure:11013: result: <<< Using bzip2/bunzip2 for writing/reading compressed .bz2 files >>>
configure:11034: checking for xz
configure:11050: found /usr/bin/xz
configure:11062: result: xz
configure:11071: result: <<< Using xz for writing/reading compressed .xz files >>>
configure:11110: checking for /home/libs/LIBMESHSUBDIV/contrib/tecplot/lib/x86_64-unknown-linux-gnu/tecio.a
configure:11124: result: yes
configure:11131: checking for /home/libs/LIBMESHSUBDIV/contrib/tecplot/include/TECIO.h
configure:11145: result: yes
configure:11222: mpicxx -o conftest -g -O2 -I/home/libs/LIBMESHSUBDIV/contrib/tecplot/include   conftest.cpp /home/libs/LIBMESHSUBDIV/contrib/tecplot/lib/x86_64-unknown-linux-gnu/tecio.a  >&5
configure:11222: $? = 0
configure:11234: result: <<< Configuring library with Tecplot API support (v11.2) >>>
configure:11324: result: <<< Configuring library with Metis support >>>
configure:11371: result: <<< Configuring library with Parmetis support >>>
configure:11400: checking for doxygen
configure:11433: result: no
configure:11514: result: <<< Configuring library with Tetgen support >>>
configure:11560: result: <<< Configuring library with Triangle support >>>
configure:11604: result: <<< Configuring library with GMV support >>>
configure:11708: checking /home/libs/VTK_X64/include/vtk-5.10//vtkConfigure.h usability
configure:11708: mpicxx -c -g -O2  conftest.cpp >&5
configure:11708: $? = 0
configure:11708: result: yes
configure:11708: checking /home/libs/VTK_X64/include/vtk-5.10//vtkConfigure.h presence
configure:11708: mpicxx -E  conftest.cpp
configure:11708: $? = 0
configure:11708: result: yes
configure:11708: checking for /home/libs/VTK_X64/include/vtk-5.10//vtkConfigure.h
configure:11708: result: yes
configure:11730: result: <<< Configuring library with VTK version 5.10.1 support >>>
configure:11740: checking for main in -lvtkIO
configure:11759: mpicxx -o conftest -g -O2   conftest.cpp -lvtkIO   -L/home/libs/VTK_X64/lib/vtk-5.10/ >&5
configure:11759: $? = 0
configure:11768: result: yes
configure:11779: checking for main in -lvtkCommon
configure:11798: mpicxx -o conftest -g -O2   conftest.cpp -lvtkCommon   -L/home/libs/VTK_X64/lib/vtk-5.10/ >&5
configure:11798: $? = 0
configure:11807: result: yes
configure:11819: checking for main in -lvtkFiltering
configure:11838: mpicxx -o conftest -g -O2   conftest.cpp -lvtkFiltering   -L/home/libs/VTK_X64/lib/vtk-5.10/ >&5
configure:11838: $? = 0
configure:11847: result: yes
configure:11870: result: <<< Configuring library with VTK support >>>
configure:11930: checking /usr/include/Eigen/Eigen usability
configure:11930: mpicxx -c -g -O2  conftest.cpp >&5
conftest.cpp:128:36: fatal error: /usr/include/Eigen/Eigen: No such file or directory
compilation terminated.
configure:11930: $? = 1
configure: failed program was:
| /* confdefs.h */
| #define PACKAGE_NAME ""
| #define PACKAGE_TARNAME ""
| #define PACKAGE_VERSION ""
| #define PACKAGE_STRING ""
| #define PACKAGE_BUGREPORT ""
| #define PACKAGE_URL ""
| #define CONFIGURE_INFO "./configure run on Fri Apr 15 15:11:44 EDT 2016"
| #define DEFAULT_DOUBLE_PRECISION 1
| #define DEFAULT_SCALAR_TYPE double
| #define restrict __restrict
| #define HAVE_GETPWUID 1
| #define ENABLE_EXCEPTIONS 1
| #define STDC_HEADERS 1
| #define HAVE_SYS_TYPES_H 1
| #define HAVE_SYS_STAT_H 1
| #define HAVE_STDLIB_H 1
| #define HAVE_STRING_H 1
| #define HAVE_MEMORY_H 1
| #define HAVE_STRINGS_H 1
| #define HAVE_INTTYPES_H 1
| #define HAVE_STDINT_H 1
| #define HAVE_UNISTD_H 1
| #define SIZEOF_SHORT_INT 2
| #define SIZEOF_INT 4
| #define SIZEOF_UNSIGNED_INT 4
| #define SIZEOF_LONG_INT 8
| #define SIZEOF_FLOAT 4
| #define SIZEOF_DOUBLE 8
| #define SIZEOF_VOID_P 8
| #define SIZEOF_FUNCTION_POINTER 8
| #define SUBDOMAIN_ID_BYTES 2
| #define HAVE_RTTI /**/
| #define HAVE_GETOPT_H 1
| #define HAVE_CSIGNAL 1
| #define HAVE_SYS_RESOURCE_H 1
| #define HAVE_FENV_H 1
| #define HAVE_XMMINTRIN_H 1
| #define HAVE_NAMESPACES /**/
| #define HAVE_LOCALE /**/
| #define HAVE_SSTREAM /**/
| #define HAVE_STRINGSTREAM /**/
| #define HAVE_TR1_UNORDERED_MULTIMAP 1
| #define BEST_UNORDERED_MULTIMAP std::tr1::unordered_multimap
| #define INCLUDE_UNORDERED_MULTIMAP <tr1/unordered_map>
| #define DEFINE_HASH_STRING /**/
| #define DEFINE_HASH_POINTERS /**/
| #define HAVE_TR1_UNORDERED_MAP 1
| #define BEST_UNORDERED_MAP std::tr1::unordered_map
| #define INCLUDE_UNORDERED_MAP <tr1/unordered_map>
| #define DEFINE_HASH_STRING /**/
| #define DEFINE_HASH_POINTERS /**/
| #define HAVE_TR1_UNORDERED_SET 1
| #define BEST_UNORDERED_SET std::tr1::unordered_set
| #define INCLUDE_UNORDERED_SET <tr1/unordered_set>
| #define DEFINE_HASH_STRING /**/
| #define DEFINE_HASH_POINTERS /**/
| #define HAVE_DLFCN_H 1
| #define HAVE_GCC_ABI_DEMANGLE 1
| #define HAVE_GLIBC_BACKTRACE 1
| #define HAVE_BOOST /**/
| #define ENABLE_AMR 1
| #define ENABLE_VSMOOTHER 1
| #define ENABLE_PERIODIC 1
| #define ENABLE_DIRICHLET 1
| #define ENABLE_GHOSTED 1
| #define ENABLE_HIGHER_ORDER_SHAPES 1
| #define ENABLE_SECOND_DERIVATIVES 1
| #define HAVE_RPC_RPC_H 1
| #define HAVE_XDR 1
| #define USE_REAL_NUMBERS 1
| #define ENABLE_REFERENCE_COUNTING 1
| #define DETECTED_PETSC_VERSION_MAJOR 3
| #define DETECTED_PETSC_VERSION_MINOR 2
| #define DETECTED_PETSC_VERSION_SUBMINOR 0
| #define HAVE_PETSC 1
| #define HAVE_MPI 1
| #define TLS __thread
| #define HAVE_LASPACK 1
| #define HAVE_SFCURVES 1
| #define HAVE_ZLIB_H 1
| #define HAVE_GZSTREAM 1
| #define HAVE_BZIP 1
| #define HAVE_XZ 1
| #define HAVE_TECPLOT_API 1
| #define HAVE_TECPLOT_API_112 1
| #define HAVE_METIS 1
| #define HAVE_PARMETIS 1
| #define HAVE_TETGEN 1
| #define HAVE_TRIANGLE 1
| #define HAVE_GMV 1
| #define HAVE__HOME_LIBS_VTK_X64_INCLUDE_VTK_5_10__VTKCONFIGURE_H 1
| #define HAVE_VTK 1
| /* end confdefs.h.  */
| #include <stdio.h>
| #ifdef HAVE_SYS_TYPES_H
| # include <sys/types.h>
| #endif
| #ifdef HAVE_SYS_STAT_H
| # include <sys/stat.h>
| #endif
| #ifdef STDC_HEADERS
| # include <stdlib.h>
| # include <stddef.h>
| #else
| # ifdef HAVE_STDLIB_H
| #  include <stdlib.h>
| # endif
| #endif
| #ifdef HAVE_STRING_H
| # if !defined STDC_HEADERS && defined HAVE_MEMORY_H
| #  include <memory.h>
| # endif
| # include <string.h>
| #endif
| #ifdef HAVE_STRINGS_H
| # include <strings.h>
| #endif
| #ifdef HAVE_INTTYPES_H
| # include <inttypes.h>
| #endif
| #ifdef HAVE_STDINT_H
| # include <stdint.h>
| #endif
| #ifdef HAVE_UNISTD_H
| # include <unistd.h>
| #endif
| #include </usr/include/Eigen/Eigen>
configure:11930: result: no
configure:11930: checking /usr/include/Eigen/Eigen presence
configure:11930: mpicxx -E  conftest.cpp
conftest.cpp:95:36: fatal error: /usr/include/Eigen/Eigen: No such file or directory
compilation terminated.
configure:11930: $? = 1
configure: failed program was:
| /* confdefs.h */
| #define PACKAGE_NAME ""
| #define PACKAGE_TARNAME ""
| #define PACKAGE_VERSION ""
| #define PACKAGE_STRING ""
| #define PACKAGE_BUGREPORT ""
| #define PACKAGE_URL ""
| #define CONFIGURE_INFO "./configure run on Fri Apr 15 15:11:44 EDT 2016"
| #define DEFAULT_DOUBLE_PRECISION 1
| #define DEFAULT_SCALAR_TYPE double
| #define restrict __restrict
| #define HAVE_GETPWUID 1
| #define ENABLE_EXCEPTIONS 1
| #define STDC_HEADERS 1
| #define HAVE_SYS_TYPES_H 1
| #define HAVE_SYS_STAT_H 1
| #define HAVE_STDLIB_H 1
| #define HAVE_STRING_H 1
| #define HAVE_MEMORY_H 1
| #define HAVE_STRINGS_H 1
| #define HAVE_INTTYPES_H 1
| #define HAVE_STDINT_H 1
| #define HAVE_UNISTD_H 1
| #define SIZEOF_SHORT_INT 2
| #define SIZEOF_INT 4
| #define SIZEOF_UNSIGNED_INT 4
| #define SIZEOF_LONG_INT 8
| #define SIZEOF_FLOAT 4
| #define SIZEOF_DOUBLE 8
| #define SIZEOF_VOID_P 8
| #define SIZEOF_FUNCTION_POINTER 8
| #define SUBDOMAIN_ID_BYTES 2
| #define HAVE_RTTI /**/
| #define HAVE_GETOPT_H 1
| #define HAVE_CSIGNAL 1
| #define HAVE_SYS_RESOURCE_H 1
| #define HAVE_FENV_H 1
| #define HAVE_XMMINTRIN_H 1
| #define HAVE_NAMESPACES /**/
| #define HAVE_LOCALE /**/
| #define HAVE_SSTREAM /**/
| #define HAVE_STRINGSTREAM /**/
| #define HAVE_TR1_UNORDERED_MULTIMAP 1
| #define BEST_UNORDERED_MULTIMAP std::tr1::unordered_multimap
| #define INCLUDE_UNORDERED_MULTIMAP <tr1/unordered_map>
| #define DEFINE_HASH_STRING /**/
| #define DEFINE_HASH_POINTERS /**/
| #define HAVE_TR1_UNORDERED_MAP 1
| #define BEST_UNORDERED_MAP std::tr1::unordered_map
| #define INCLUDE_UNORDERED_MAP <tr1/unordered_map>
| #define DEFINE_HASH_STRING /**/
| #define DEFINE_HASH_POINTERS /**/
| #define HAVE_TR1_UNORDERED_SET 1
| #define BEST_UNORDERED_SET std::tr1::unordered_set
| #define INCLUDE_UNORDERED_SET <tr1/unordered_set>
| #define DEFINE_HASH_STRING /**/
| #define DEFINE_HASH_POINTERS /**/
| #define HAVE_DLFCN_H 1
| #define HAVE_GCC_ABI_DEMANGLE 1
| #define HAVE_GLIBC_BACKTRACE 1
| #define HAVE_BOOST /**/
| #define ENABLE_AMR 1
| #define ENABLE_VSMOOTHER 1
| #define ENABLE_PERIODIC 1
| #define ENABLE_DIRICHLET 1
| #define ENABLE_GHOSTED 1
| #define ENABLE_HIGHER_ORDER_SHAPES 1
| #define ENABLE_SECOND_DERIVATIVES 1
| #define HAVE_RPC_RPC_H 1
| #define HAVE_XDR 1
| #define USE_REAL_NUMBERS 1
| #define ENABLE_REFERENCE_COUNTING 1
| #define DETECTED_PETSC_VERSION_MAJOR 3
| #define DETECTED_PETSC_VERSION_MINOR 2
| #define DETECTED_PETSC_VERSION_SUBMINOR 0
| #define HAVE_PETSC 1
| #define HAVE_MPI 1
| #define TLS __thread
| #define HAVE_LASPACK 1
| #define HAVE_SFCURVES 1
| #define HAVE_ZLIB_H 1
| #define HAVE_GZSTREAM 1
| #define HAVE_BZIP 1
| #define HAVE_XZ 1
| #define HAVE_TECPLOT_API 1
| #define HAVE_TECPLOT_API_112 1
| #define HAVE_METIS 1
| #define HAVE_PARMETIS 1
| #define HAVE_TETGEN 1
| #define HAVE_TRIANGLE 1
| #define HAVE_GMV 1
| #define HAVE__HOME_LIBS_VTK_X64_INCLUDE_VTK_5_10__VTKCONFIGURE_H 1
| #define HAVE_VTK 1
| /* end confdefs.h.  */
| #include </usr/include/Eigen/Eigen>
configure:11930: result: no
configure:11930: checking for /usr/include/Eigen/Eigen
configure:11930: result: no
configure:11942: result: Eigen header files not found!
configure:12040: checking /usr/include/glpk.h usability
configure:12040: mpicxx -c -g -O2  conftest.cpp >&5
conftest.cpp:128:31: fatal error: /usr/include/glpk.h: No such file or directory
compilation terminated.
configure:12040: $? = 1
configure: failed program was:
| /* confdefs.h */
| #define PACKAGE_NAME ""
| #define PACKAGE_TARNAME ""
| #define PACKAGE_VERSION ""
| #define PACKAGE_STRING ""
| #define PACKAGE_BUGREPORT ""
| #define PACKAGE_URL ""
| #define CONFIGURE_INFO "./configure run on Fri Apr 15 15:11:44 EDT 2016"
| #define DEFAULT_DOUBLE_PRECISION 1
| #define DEFAULT_SCALAR_TYPE double
| #define restrict __restrict
| #define HAVE_GETPWUID 1
| #define ENABLE_EXCEPTIONS 1
| #define STDC_HEADERS 1
| #define HAVE_SYS_TYPES_H 1
| #define HAVE_SYS_STAT_H 1
| #define HAVE_STDLIB_H 1
| #define HAVE_STRING_H 1
| #define HAVE_MEMORY_H 1
| #define HAVE_STRINGS_H 1
| #define HAVE_INTTYPES_H 1
| #define HAVE_STDINT_H 1
| #define HAVE_UNISTD_H 1
| #define SIZEOF_SHORT_INT 2
| #define SIZEOF_INT 4
| #define SIZEOF_UNSIGNED_INT 4
| #define SIZEOF_LONG_INT 8
| #define SIZEOF_FLOAT 4
| #define SIZEOF_DOUBLE 8
| #define SIZEOF_VOID_P 8
| #define SIZEOF_FUNCTION_POINTER 8
| #define SUBDOMAIN_ID_BYTES 2
| #define HAVE_RTTI /**/
| #define HAVE_GETOPT_H 1
| #define HAVE_CSIGNAL 1
| #define HAVE_SYS_RESOURCE_H 1
| #define HAVE_FENV_H 1
| #define HAVE_XMMINTRIN_H 1
| #define HAVE_NAMESPACES /**/
| #define HAVE_LOCALE /**/
| #define HAVE_SSTREAM /**/
| #define HAVE_STRINGSTREAM /**/
| #define HAVE_TR1_UNORDERED_MULTIMAP 1
| #define BEST_UNORDERED_MULTIMAP std::tr1::unordered_multimap
| #define INCLUDE_UNORDERED_MULTIMAP <tr1/unordered_map>
| #define DEFINE_HASH_STRING /**/
| #define DEFINE_HASH_POINTERS /**/
| #define HAVE_TR1_UNORDERED_MAP 1
| #define BEST_UNORDERED_MAP std::tr1::unordered_map
| #define INCLUDE_UNORDERED_MAP <tr1/unordered_map>
| #define DEFINE_HASH_STRING /**/
| #define DEFINE_HASH_POINTERS /**/
| #define HAVE_TR1_UNORDERED_SET 1
| #define BEST_UNORDERED_SET std::tr1::unordered_set
| #define INCLUDE_UNORDERED_SET <tr1/unordered_set>
| #define DEFINE_HASH_STRING /**/
| #define DEFINE_HASH_POINTERS /**/
| #define HAVE_DLFCN_H 1
| #define HAVE_GCC_ABI_DEMANGLE 1
| #define HAVE_GLIBC_BACKTRACE 1
| #define HAVE_BOOST /**/
| #define ENABLE_AMR 1
| #define ENABLE_VSMOOTHER 1
| #define ENABLE_PERIODIC 1
| #define ENABLE_DIRICHLET 1
| #define ENABLE_GHOSTED 1
| #define ENABLE_HIGHER_ORDER_SHAPES 1
| #define ENABLE_SECOND_DERIVATIVES 1
| #define HAVE_RPC_RPC_H 1
| #define HAVE_XDR 1
| #define USE_REAL_NUMBERS 1
| #define ENABLE_REFERENCE_COUNTING 1
| #define DETECTED_PETSC_VERSION_MAJOR 3
| #define DETECTED_PETSC_VERSION_MINOR 2
| #define DETECTED_PETSC_VERSION_SUBMINOR 0
| #define HAVE_PETSC 1
| #define HAVE_MPI 1
| #define TLS __thread
| #define HAVE_LASPACK 1
| #define HAVE_SFCURVES 1
| #define HAVE_ZLIB_H 1
| #define HAVE_GZSTREAM 1
| #define HAVE_BZIP 1
| #define HAVE_XZ 1
| #define HAVE_TECPLOT_API 1
| #define HAVE_TECPLOT_API_112 1
| #define HAVE_METIS 1
| #define HAVE_PARMETIS 1
| #define HAVE_TETGEN 1
| #define HAVE_TRIANGLE 1
| #define HAVE_GMV 1
| #define HAVE__HOME_LIBS_VTK_X64_INCLUDE_VTK_5_10__VTKCONFIGURE_H 1
| #define HAVE_VTK 1
| /* end confdefs.h.  */
| #include <stdio.h>
| #ifdef HAVE_SYS_TYPES_H
| # include <sys/types.h>
| #endif
| #ifdef HAVE_SYS_STAT_H
| # include <sys/stat.h>
| #endif
| #ifdef STDC_HEADERS
| # include <stdlib.h>
| # include <stddef.h>
| #else
| # ifdef HAVE_STDLIB_H
| #  include <stdlib.h>
| # endif
| #endif
| #ifdef HAVE_STRING_H
| # if !defined STDC_HEADERS && defined HAVE_MEMORY_H
| #  include <memory.h>
| # endif
| # include <string.h>
| #endif
| #ifdef HAVE_STRINGS_H
| # include <strings.h>
| #endif
| #ifdef HAVE_INTTYPES_H
| # include <inttypes.h>
| #endif
| #ifdef HAVE_STDINT_H
| # include <stdint.h>
| #endif
| #ifdef HAVE_UNISTD_H
| # include <unistd.h>
| #endif
| #include </usr/include/glpk.h>
configure:12040: result: no
configure:12040: checking /usr/include/glpk.h presence
configure:12040: mpicxx -E  conftest.cpp
conftest.cpp:95:31: fatal error: /usr/include/glpk.h: No such file or directory
compilation terminated.
configure:12040: $? = 1
configure: failed program was:
| /* confdefs.h */
| #define PACKAGE_NAME ""
| #define PACKAGE_TARNAME ""
| #define PACKAGE_VERSION ""
| #define PACKAGE_STRING ""
| #define PACKAGE_BUGREPORT ""
| #define PACKAGE_URL ""
| #define CONFIGURE_INFO "./configure run on Fri Apr 15 15:11:44 EDT 2016"
| #define DEFAULT_DOUBLE_PRECISION 1
| #define DEFAULT_SCALAR_TYPE double
| #define restrict __restrict
| #define HAVE_GETPWUID 1
| #define ENABLE_EXCEPTIONS 1
| #define STDC_HEADERS 1
| #define HAVE_SYS_TYPES_H 1
| #define HAVE_SYS_STAT_H 1
| #define HAVE_STDLIB_H 1
| #define HAVE_STRING_H 1
| #define HAVE_MEMORY_H 1
| #define HAVE_STRINGS_H 1
| #define HAVE_INTTYPES_H 1
| #define HAVE_STDINT_H 1
| #define HAVE_UNISTD_H 1
| #define SIZEOF_SHORT_INT 2
| #define SIZEOF_INT 4
| #define SIZEOF_UNSIGNED_INT 4
| #define SIZEOF_LONG_INT 8
| #define SIZEOF_FLOAT 4
| #define SIZEOF_DOUBLE 8
| #define SIZEOF_VOID_P 8
| #define SIZEOF_FUNCTION_POINTER 8
| #define SUBDOMAIN_ID_BYTES 2
| #define HAVE_RTTI /**/
| #define HAVE_GETOPT_H 1
| #define HAVE_CSIGNAL 1
| #define HAVE_SYS_RESOURCE_H 1
| #define HAVE_FENV_H 1
| #define HAVE_XMMINTRIN_H 1
| #define HAVE_NAMESPACES /**/
| #define HAVE_LOCALE /**/
| #define HAVE_SSTREAM /**/
| #define HAVE_STRINGSTREAM /**/
| #define HAVE_TR1_UNORDERED_MULTIMAP 1
| #define BEST_UNORDERED_MULTIMAP std::tr1::unordered_multimap
| #define INCLUDE_UNORDERED_MULTIMAP <tr1/unordered_map>
| #define DEFINE_HASH_STRING /**/
| #define DEFINE_HASH_POINTERS /**/
| #define HAVE_TR1_UNORDERED_MAP 1
| #define BEST_UNORDERED_MAP std::tr1::unordered_map
| #define INCLUDE_UNORDERED_MAP <tr1/unordered_map>
| #define DEFINE_HASH_STRING /**/
| #define DEFINE_HASH_POINTERS /**/
| #define HAVE_TR1_UNORDERED_SET 1
| #define BEST_UNORDERED_SET std::tr1::unordered_set
| #define INCLUDE_UNORDERED_SET <tr1/unordered_set>
| #define DEFINE_HASH_STRING /**/
| #define DEFINE_HASH_POINTERS /**/
| #define HAVE_DLFCN_H 1
| #define HAVE_GCC_ABI_DEMANGLE 1
| #define HAVE_GLIBC_BACKTRACE 1
| #define HAVE_BOOST /**/
| #define ENABLE_AMR 1
| #define ENABLE_VSMOOTHER 1
| #define ENABLE_PERIODIC 1
| #define ENABLE_DIRICHLET 1
| #define ENABLE_GHOSTED 1
| #define ENABLE_HIGHER_ORDER_SHAPES 1
| #define ENABLE_SECOND_DERIVATIVES 1
| #define HAVE_RPC_RPC_H 1
| #define HAVE_XDR 1
| #define USE_REAL_NUMBERS 1
| #define ENABLE_REFERENCE_COUNTING 1
| #define DETECTED_PETSC_VERSION_MAJOR 3
| #define DETECTED_PETSC_VERSION_MINOR 2
| #define DETECTED_PETSC_VERSION_SUBMINOR 0
| #define HAVE_PETSC 1
| #define HAVE_MPI 1
| #define TLS __thread
| #define HAVE_LASPACK 1
| #define HAVE_SFCURVES 1
| #define HAVE_ZLIB_H 1
| #define HAVE_GZSTREAM 1
| #define HAVE_BZIP 1
| #define HAVE_XZ 1
| #define HAVE_TECPLOT_API 1
| #define HAVE_TECPLOT_API_112 1
| #define HAVE_METIS 1
| #define HAVE_PARMETIS 1
| #define HAVE_TETGEN 1
| #define HAVE_TRIANGLE 1
| #define HAVE_GMV 1
| #define HAVE__HOME_LIBS_VTK_X64_INCLUDE_VTK_5_10__VTKCONFIGURE_H 1
| #define HAVE_VTK 1
| /* end confdefs.h.  */
| #include </usr/include/glpk.h>
configure:12040: result: no
configure:12040: checking for /usr/include/glpk.h
configure:12040: result: no
configure:12052: result: GLPK header files not found!
configure:12159: result: <<< Configuring library with Netcdf support >>>
configure:12205: result: <<< Configuring library with Exodus support >>>
configure:12254: result: <<< Configuring library with Nemesis support >>>
configure:12302: result: <<< Configuring library with libHilbert support >>>
configure:12327: checking for a thread-safe mkdir -p
configure:12366: result: /usr/bin/mkdir -p
configure:12572: result: ----------------------------------------------
configure:12574: result: --- Done configuring for optional packages ---
configure:12576: result: ----------------------------------------------
configure:12612: checking for perl
configure:12630: found /usr/bin/perl
configure:12642: result: /usr/bin/perl
configure:12755: creating ./config.status

## ---------------------- ##
## Running config.status. ##
## ---------------------- ##

This file was extended by config.status, which was
generated by GNU Autoconf 2.69.  Invocation command line was

  CONFIG_FILES    = 
  CONFIG_HEADERS  = 
  CONFIG_LINKS    = 
  CONFIG_COMMANDS = 
  $ ./config.status 

on BLAN.MIT.EDU

config.status:1082: creating Make.common
config.status:1082: creating doc/Doxyfile
config.status:1082: creating contrib/bin/libmesh-config
config.status:1082: creating contrib/bin/xda2mgf
config.status:1082: creating contrib/bin/create_libmesh_release
config.status:1082: creating doc/dot
config.status:1082: creating include/base/libmesh_config.h.tmp
config.status:1272: executing include/base/libmesh_config.h commands
config.status:1314: creating include/base/libmesh_config.h - prefix LIBMESH for include/base/libmesh_config.h.tmp defines
configure:14038: result: ---------------------------------------------
configure:14040: result: --------- Done Configuring libMesh ----------
configure:14042: result: ---------------------------------------------

## ---------------- ##
## Cache variables. ##
## ---------------- ##

ac_cv_build=x86_64-unknown-linux-gnu
ac_cv_c_compiler_gnu=yes
ac_cv_c_restrict=__restrict
ac_cv_cxx_compiler_gnu=yes
ac_cv_cxx_gcc_abi_demangle=yes
ac_cv_cxx_glibc_backtrace=yes
ac_cv_cxx_have_locale=yes
ac_cv_cxx_have_sstream=yes
ac_cv_cxx_namespaces=yes
ac_cv_cxx_rtti=yes
ac_cv_cxx_tr1_unordered_map=yes
ac_cv_cxx_tr1_unordered_multimap=yes
ac_cv_cxx_tr1_unordered_set=yes
ac_cv_cxx_unordered_map=no
ac_cv_cxx_unordered_multimap=no
ac_cv_cxx_unordered_set=no
ac_cv_env_CCC_set=
ac_cv_env_CCC_value=
ac_cv_env_CC_set=
ac_cv_env_CC_value=
ac_cv_env_CFLAGS_set=
ac_cv_env_CFLAGS_value=
ac_cv_env_CPPFLAGS_set=
ac_cv_env_CPPFLAGS_value=
ac_cv_env_CXXCPP_set=
ac_cv_env_CXXCPP_value=
ac_cv_env_CXXFLAGS_set=
ac_cv_env_CXXFLAGS_value=
ac_cv_env_CXX_set=
ac_cv_env_CXX_value=
ac_cv_env_F77_set=
ac_cv_env_F77_value=
ac_cv_env_FCFLAGS_set=
ac_cv_env_FCFLAGS_value=
ac_cv_env_FC_set=
ac_cv_env_FC_value=
ac_cv_env_FFLAGS_set=
ac_cv_env_FFLAGS_value=
ac_cv_env_LDFLAGS_set=
ac_cv_env_LDFLAGS_value=
ac_cv_env_LIBS_set=
ac_cv_env_LIBS_value=
ac_cv_env_PETSC_ARCH_set=set
ac_cv_env_PETSC_ARCH_value=arch-linux2-c-opt
ac_cv_env_PETSC_DIR_set=set
ac_cv_env_PETSC_DIR_value=/home/libs/petsc-3.2-p5
ac_cv_env_SLEPC_DIR_set=
ac_cv_env_SLEPC_DIR_value=
ac_cv_env_VTK_DIR_set=
ac_cv_env_VTK_DIR_value=
ac_cv_env_VTK_INCLUDE_set=
ac_cv_env_VTK_INCLUDE_value=
ac_cv_env_YACC_set=
ac_cv_env_YACC_value=
ac_cv_env_YFLAGS_set=
ac_cv_env_YFLAGS_value=
ac_cv_env_build_alias_set=
ac_cv_env_build_alias_value=
ac_cv_env_host_alias_set=
ac_cv_env_host_alias_value=
ac_cv_env_target_alias_set=
ac_cv_env_target_alias_value=
ac_cv_f77_compiler_gnu=yes
ac_cv_fc_compiler_gnu=yes
ac_cv_file__home_libs_LIBMESHSUBDIV_contrib_tecplot_include_TECIO_h=yes
ac_cv_file__home_libs_LIBMESHSUBDIV_contrib_tecplot_lib_x86_64_unknown_linux_gnu_tecio_a=yes
ac_cv_file__home_libs_petsc_3_2_p5_include_petsc_h=yes
ac_cv_file__usr_include_tbb_task_scheduler_init_h=no
ac_cv_file__usr_lib_slepc_include_slepc_h=no
ac_cv_func_xdrstdio_create=yes
ac_cv_header__home_libs_VTK_X64_include_vtk_5_10__vtkConfigure_h=yes
ac_cv_header__usr_include_Eigen_Eigen=no
ac_cv_header__usr_include_glpk_h=no
ac_cv_header_csignal=yes
ac_cv_header_dlfcn_h=yes
ac_cv_header_fenv_h=yes
ac_cv_header_getopt_h=yes
ac_cv_header_inttypes_h=yes
ac_cv_header_memory_h=yes
ac_cv_header_rpc_rpc_h=yes
ac_cv_header_stdc=yes
ac_cv_header_stdint_h=yes
ac_cv_header_stdlib_h=yes
ac_cv_header_string_h=yes
ac_cv_header_strings_h=yes
ac_cv_header_sys_resource_h=yes
ac_cv_header_sys_stat_h=yes
ac_cv_header_sys_types_h=yes
ac_cv_header_unistd_h=yes
ac_cv_header_xmmintrin_h=yes
ac_cv_header_zlib_h=yes
ac_cv_host=x86_64-unknown-linux-gnu
ac_cv_lib_vtkCommon=ac_cv_lib_vtkCommon_main
ac_cv_lib_vtkCommon_main=yes
ac_cv_lib_vtkFiltering=ac_cv_lib_vtkFiltering_main
ac_cv_lib_vtkFiltering_main=yes
ac_cv_lib_vtkIO=ac_cv_lib_vtkIO_main
ac_cv_lib_vtkIO_main=yes
ac_cv_lib_z_gzopen=yes
ac_cv_objext=o
ac_cv_path_EGREP='/usr/bin/grep -E'
ac_cv_path_GREP=/usr/bin/grep
ac_cv_path_PERL=/usr/bin/perl
ac_cv_path_mkdir=/usr/bin/mkdir
ac_cv_prog_BUNZIP2=bunzip2
ac_cv_prog_BZIP2=bzip2
ac_cv_prog_CXXCPP='mpicxx -E'
ac_cv_prog_XZ=xz
ac_cv_prog_ac_ct_CC=mpicc
ac_cv_prog_ac_ct_CXX=mpicxx
ac_cv_prog_ac_ct_F77=mpif77
ac_cv_prog_ac_ct_FC=mpif90
ac_cv_prog_cc_c89=
ac_cv_prog_cc_g=yes
ac_cv_prog_cxx_g=yes
ac_cv_prog_f77_g=yes
ac_cv_prog_fc_g=yes
ac_cv_sizeof_double=8
ac_cv_sizeof_float=4
ac_cv_sizeof_function_pointer=8
ac_cv_sizeof_int=4
ac_cv_sizeof_long_int=8
ac_cv_sizeof_short_int=2
ac_cv_sizeof_unsigned_int=4
ac_cv_sizeof_void_p=8
ac_cv_target=x86_64-unknown-linux-gnu
ac_cv_tls=__thread

## ----------------- ##
## Output variables. ##
## ----------------- ##

ASSEMBLY_FLAGS='-S -fverbose-asm'
AZTECOO_INCLUDES=''
AZTECOO_LIBS=''
AZTECOO_MAKEFILE_EXPORT=''
BOOST_CPPFLAGS='-I/usr/include/'
BOOST_LDFLAGS='-L/usr/lib64'
BUNZIP2='bunzip2'
BZIP2='bzip2'
CC='mpicc'
CFLAGS='-g -O2'
CFLAGS_DBG='-g -Wimplicit -fPIC'
CFLAGS_DVL='-O2 -g -Wimplicit -fPIC -funroll-loops -fstrict-aliasing'
CFLAGS_OPT='-O2 -fPIC -funroll-loops -fstrict-aliasing'
CPPFLAGS=''
CXX='mpicxx'
CXXCPP='mpicxx -E'
CXXFLAGS='-g -O2'
CXXFLAGS_DBG=' -O0 -felide-constructors -g -ansi -pedantic -W -Wall -Wextra -Wno-long-long -Wunused -Wpointer-arith -Wformat -Wparentheses -fPIC'
CXXFLAGS_DVL=' -O2 -felide-constructors -g -ansi -pedantic -W -Wall -Wextra -Wno-long-long -Wunused -Wpointer-arith -Wformat -Wparentheses -Wuninitialized -fPIC -funroll-loops -fstrict-aliasing'
CXXFLAGS_OPT=' -O2 -felide-constructors -fPIC -funroll-loops -fstrict-aliasing'
CXXSHAREDFLAG='-shared'
DEFS='-DHAVE_CONFIG_H'
DOT=''
DOTPATH=''
DOXYGEN=''
ECHO_C=''
ECHO_N='-n'
ECHO_T=''
EGREP='/usr/bin/grep -E'
EIGEN_INCLUDE=''
EXEEXT=''
EXODUS_INCLUDE='-I$(top_srcdir)/contrib/exodusii/Lib/include'
EXODUS_LIBRARY='$(EXTERNAL_LIBDIR)/libexodusii$(libext)'
F77='mpif77'
FC='mpif90'
FCFLAGS='-g -O2'
FFLAGS='-g -O2 -fPIC'
FLIBS=''
FPARSER_INCLUDE=''
FPARSER_LIBRARY=''
FPARSER_NO_SUPPORT_OPTIMIZER_FALSE=''
FPARSER_NO_SUPPORT_OPTIMIZER_TRUE='#'
FPARSER_SUPPORT_OPTIMIZER_FALSE='#'
FPARSER_SUPPORT_OPTIMIZER_TRUE=''
GLPK_INCLUDE=''
GLPK_LIBRARY=''
GMV_INCLUDE='-I$(top_srcdir)/contrib/gmv'
GMV_LIBRARY='$(EXTERNAL_LIBDIR)/libgmv$(libext)'
GREP='/usr/bin/grep'
GXX_VERSION='gcc-other'
GZSTREAM_INCLUDE='-I$(top_srcdir)/contrib/gzstream'
GZSTREAM_LIB='$(EXTERNAL_LIBDIR)/libgzstream$(libext) -lz'
HAVE_DOT=''
LASPACK_INCLUDE='-I$(top_srcdir)/contrib/laspack'
LASPACK_LIB='$(EXTERNAL_LIBDIR)/liblaspack$(libext)'
LDFLAGS=''
LIBHILBERT_INCLUDE='-I$(top_srcdir)/contrib/libHilbert/include'
LIBHILBERT_LIBRARY='$(EXTERNAL_LIBDIR)/libHilbert$(libext)'
LIBMESH_ENABLE_EXODUS_FALSE='#'
LIBMESH_ENABLE_EXODUS_TRUE=''
LIBMESH_ENABLE_FPARSER_FALSE=''
LIBMESH_ENABLE_FPARSER_TRUE='#'
LIBMESH_ENABLE_GMV_FALSE='#'
LIBMESH_ENABLE_GMV_TRUE=''
LIBMESH_ENABLE_GZSTREAMS_FALSE='#'
LIBMESH_ENABLE_GZSTREAMS_TRUE=''
LIBMESH_ENABLE_LASPACK_FALSE='#'
LIBMESH_ENABLE_LASPACK_TRUE=''
LIBMESH_ENABLE_LIBHILBERT_FALSE='#'
LIBMESH_ENABLE_LIBHILBERT_TRUE=''
LIBMESH_ENABLE_METIS_FALSE='#'
LIBMESH_ENABLE_METIS_TRUE=''
LIBMESH_ENABLE_NEMESIS_FALSE='#'
LIBMESH_ENABLE_NEMESIS_TRUE=''
LIBMESH_ENABLE_NETCDF_FALSE='#'
LIBMESH_ENABLE_NETCDF_TRUE=''
LIBMESH_ENABLE_PARMETIS_FALSE='#'
LIBMESH_ENABLE_PARMETIS_TRUE=''
LIBMESH_ENABLE_PETSC_FALSE='#'
LIBMESH_ENABLE_PETSC_TRUE=''
LIBMESH_ENABLE_SFC_FALSE='#'
LIBMESH_ENABLE_SFC_TRUE=''
LIBMESH_ENABLE_SLEPC_FALSE=''
LIBMESH_ENABLE_SLEPC_TRUE='#'
LIBMESH_ENABLE_TECPLOT_FALSE='#'
LIBMESH_ENABLE_TECPLOT_TRUE=''
LIBMESH_ENABLE_TETGEN_FALSE='#'
LIBMESH_ENABLE_TETGEN_TRUE=''
LIBMESH_ENABLE_TRIANGLE_FALSE='#'
LIBMESH_ENABLE_TRIANGLE_TRUE=''
LIBOBJS=''
LIBS=''
LTLIBOBJS=''
METIS_INCLUDE='-I$(top_srcdir)/contrib/metis/include'
METIS_LIB='$(EXTERNAL_LIBDIR)/libmetis$(libext) $(EXTERNAL_LIBDIR)/libGK$(libext)'
MKDIR_P='/usr/bin/mkdir -p'
ML_INCLUDES=''
ML_LIBS=''
ML_MAKEFILE_EXPORT=''
MPCXX=''
MPI=''
MPI_IMPL='petsc_snooped'
MPI_INCLUDES_PATH=''
MPI_INCLUDES_PATHS=''
MPI_LIBS=''
MPI_LIBS_PATH=''
MPI_LIBS_PATHS=''
NEMESIS_INCLUDE='-I$(top_srcdir)/contrib/nemesis/Lib'
NEMESIS_LIBRARY='$(EXTERNAL_LIBDIR)/libnemesis$(libext)'
NETCDF_INCLUDE='-I$(top_srcdir)/contrib/netcdf/Lib'
NETCDF_LIBRARY='$(EXTERNAL_LIBDIR)/libnetcdf$(libext)'
NODEPRECATEDFLAG='-Wno-deprecated'
NOX_INCLUDES=''
NOX_LIBS=''
NOX_MAKEFILE_EXPORT=''
OBJEXT='o'
OPENMP_CFLAGS=''
OPENMP_CXXFLAGS=''
OPENMP_FFLAGS=''
OPROFILE_FLAGS='-g -fno-omit-frame-pointer'
PACKAGE_BUGREPORT=''
PACKAGE_NAME=''
PACKAGE_STRING=''
PACKAGE_TARNAME=''
PACKAGE_URL=''
PACKAGE_VERSION=''
PARMETIS_INCLUDE='-I$(top_srcdir)/contrib/parmetis/include'
PARMETIS_LIB='$(EXTERNAL_LIBDIR)/libparmetis$(libext)'
PATH_SEPARATOR=':'
PERL='/usr/bin/perl'
PETSCARCH=''
PETSCINCLUDEDIRS='-I/home/libs/petsc-3.2-p5/include -I/home/libs/petsc-3.2-p5/arch-linux2-c-opt/include -I/home/libs/OPENMPI/include'
PETSCLINKLIBS='-Wl,-rpath,/home/libs/petsc-3.2-p5/arch-linux2-c-opt/lib -Wl,-rpath,/home/libs/petsc-3.2-p5/arch-linux2-c-opt/lib -L/home/libs/petsc-3.2-p5/arch-linux2-c-opt/lib -lpetsc -lX11 -lpthread -Wl,-rpath,/home/libs/petsc-3.2-p5/arch-linux2-c-opt/lib -lflapack -lfblas -Wl,-rpath,/home/libs/OPENMPI/lib -L/home/libs/OPENMPI/lib -Wl,-rpath,/usr/lib/gcc/x86_64-redhat-linux/5.3.1 -L/usr/lib/gcc/x86_64-redhat-linux/5.3.1 -Wl,-rpath,/math/software/pkg/maple/maple-18/lib -L/math/software/pkg/maple/maple-18/lib -ldl -lmpi -lrt -lnsl -lutil -lgcc_s -lpthread -lmpi_f90 -lmpi_f77 -lgfortran -lm -lgfortran -lm -lgfortran -lm -lgfortran -lm -lm -lm -lquadmath -lm -ldl -lmpi -lrt -lnsl -lutil -lgcc_s -lpthread -ldl'
PETSC_ARCH='arch-linux2-c-opt'
PETSC_DIR='/home/libs/petsc-3.2-p5'
PROFILING_FLAGS='-pg'
PWD='/home/libs/LIBMESHSUBDIV'
RPATHFLAG='-Wl,-rpath,'
SED=''
SFC_INCLUDE='-I$(top_srcdir)/contrib/sfcurves'
SFC_LIB='$(EXTERNAL_LIBDIR)/libsfcurves$(libext)'
SHELL='/bin/sh'
SLEPC_DIR=''
TBB_INCLUDE=''
TBB_LIBRARY=''
TECPLOT_INCLUDE='-I/home/libs/LIBMESHSUBDIV/contrib/tecplot/include'
TECPLOT_LIBRARY='/home/libs/LIBMESHSUBDIV/contrib/tecplot/lib/x86_64-unknown-linux-gnu/tecio.a'
TETGEN_INCLUDE='-I$(top_srcdir)/contrib/tetgen'
TETGEN_LIBRARY='$(EXTERNAL_LIBDIR)/libtetgen$(libext)'
TRIANGLE_INCLUDE='-I$(top_srcdir)/contrib/triangle'
TRIANGLE_LIBRARY='$(EXTERNAL_LIBDIR)/libtriangle$(libext)'
TRILINOS_INCLUDES=''
TRILINOS_LIBS=''
TRILINOS_MAKEFILE_EXPORT=''
VTK_DIR='/usr'
VTK_INCLUDE='-I/home/libs/VTK_X64/include/vtk-5.10/'
VTK_LIBRARY='-Wl,-rpath,/home/libs/VTK_X64/lib/vtk-5.10/ -L/home/libs/VTK_X64/lib/vtk-5.10/ -lvtkIO -lvtkCommon -lvtkFiltering'
XZ='xz'
YACC=''
YFLAGS=''
ac_ct_CC='mpicc'
ac_ct_CXX='mpicxx'
ac_ct_F77='mpif77'
ac_ct_FC='mpif90'
bindir='${exec_prefix}/bin'
build='x86_64-unknown-linux-gnu'
build_alias=''
build_cpu='x86_64'
build_os='linux-gnu'
build_vendor='unknown'
datadir='${datarootdir}'
datarootdir='${prefix}/share'
docdir='${datarootdir}/doc/${PACKAGE}'
dvidir='${docdir}'
enableaztecoo='no'
enablecomplex='no'
enableeigen='no'
enableexodus='yes'
enablefparser='no'
enableglpk='no'
enablegmv='yes'
enablegz='yes'
enablelaspack='yes'
enablelibhilbert='yes'
enablemetis='yes'
enableml='no'
enablenemesis='yes'
enablenetcdf='yes'
enablenox='no'
enableopenmp='no'
enableoptional='yes'
enableparmetis='yes'
enablepetsc='yes'
enablesfc='yes'
enableshared='yes'
enableslepc='no'
enabletecplot='yes'
enabletetgen='yes'
enabletriangle='yes'
enabletrilinos10='no'
enablevtk='yes'
enablexdr='yes'
exec_prefix='${prefix}'
host='x86_64-unknown-linux-gnu'
host_alias=''
host_cpu='x86_64'
host_os='linux-gnu'
host_vendor='unknown'
htmldir='${docdir}'
includedir='${prefix}/include'
infodir='${datarootdir}/info'
libdir='${exec_prefix}/lib'
libexecdir='${exec_prefix}/libexec'
localedir='${datarootdir}/locale'
localstatedir='${prefix}/var'
mandir='${datarootdir}/man'
oldincludedir='/usr/include'
pdfdir='${docdir}'
petscmajor='3'
petscmajorminor='3.2.x'
petscversion='3.2.0'
prefix='/usr/local'
program_transform_name='s,x,x,'
psdir='${docdir}'
sbindir='${exec_prefix}/sbin'
sharedstatedir='${prefix}/com'
slepcversion=''
sysconfdir='${prefix}/etc'
target='x86_64-unknown-linux-gnu'
target_alias=''
target_cpu='x86_64'
target_os='linux-gnu'
target_vendor='unknown'

## ----------- ##
## confdefs.h. ##
## ----------- ##

/* confdefs.h */
#define PACKAGE_NAME ""
#define PACKAGE_TARNAME ""
#define PACKAGE_VERSION ""
#define PACKAGE_STRING ""
#define PACKAGE_BUGREPORT ""
#define PACKAGE_URL ""
#define CONFIGURE_INFO "./configure run on Fri Apr 15 15:11:44 EDT 2016"
#define DEFAULT_DOUBLE_PRECISION 1
#define DEFAULT_SCALAR_TYPE double
#define restrict __restrict
#define HAVE_GETPWUID 1
#define ENABLE_EXCEPTIONS 1
#define STDC_HEADERS 1
#define HAVE_SYS_TYPES_H 1
#define HAVE_SYS_STAT_H 1
#define HAVE_STDLIB_H 1
#define HAVE_STRING_H 1
#define HAVE_MEMORY_H 1
#define HAVE_STRINGS_H 1
#define HAVE_INTTYPES_H 1
#define HAVE_STDINT_H 1
#define HAVE_UNISTD_H 1
#define SIZEOF_SHORT_INT 2
#define SIZEOF_INT 4
#define SIZEOF_UNSIGNED_INT 4
#define SIZEOF_LONG_INT 8
#define SIZEOF_FLOAT 4
#define SIZEOF_DOUBLE 8
#define SIZEOF_VOID_P 8
#define SIZEOF_FUNCTION_POINTER 8
#define SUBDOMAIN_ID_BYTES 2
#define HAVE_RTTI /**/
#define HAVE_GETOPT_H 1
#define HAVE_CSIGNAL 1
#define HAVE_SYS_RESOURCE_H 1
#define HAVE_FENV_H 1
#define HAVE_XMMINTRIN_H 1
#define HAVE_NAMESPACES /**/
#define HAVE_LOCALE /**/
#define HAVE_SSTREAM /**/
#define HAVE_STRINGSTREAM /**/
#define HAVE_TR1_UNORDERED_MULTIMAP 1
#define BEST_UNORDERED_MULTIMAP std::tr1::unordered_multimap
#define INCLUDE_UNORDERED_MULTIMAP <tr1/unordered_map>
#define DEFINE_HASH_STRING /**/
#define DEFINE_HASH_POINTERS /**/
#define HAVE_TR1_UNORDERED_MAP 1
#define BEST_UNORDERED_MAP std::tr1::unordered_map
#define INCLUDE_UNORDERED_MAP <tr1/unordered_map>
#define DEFINE_HASH_STRING /**/
#define DEFINE_HASH_POINTERS /**/
#define HAVE_TR1_UNORDERED_SET 1
#define BEST_UNORDERED_SET std::tr1::unordered_set
#define INCLUDE_UNORDERED_SET <tr1/unordered_set>
#define DEFINE_HASH_STRING /**/
#define DEFINE_HASH_POINTERS /**/
#define HAVE_DLFCN_H 1
#define HAVE_GCC_ABI_DEMANGLE 1
#define HAVE_GLIBC_BACKTRACE 1
#define HAVE_BOOST /**/
#define ENABLE_AMR 1
#define ENABLE_VSMOOTHER 1
#define ENABLE_PERIODIC 1
#define ENABLE_DIRICHLET 1
#define ENABLE_GHOSTED 1
#define ENABLE_HIGHER_ORDER_SHAPES 1
#define ENABLE_SECOND_DERIVATIVES 1
#define HAVE_RPC_RPC_H 1
#define HAVE_XDR 1
#define USE_REAL_NUMBERS 1
#define ENABLE_REFERENCE_COUNTING 1
#define DETECTED_PETSC_VERSION_MAJOR 3
#define DETECTED_PETSC_VERSION_MINOR 2
#define DETECTED_PETSC_VERSION_SUBMINOR 0
#define HAVE_PETSC 1
#define HAVE_MPI 1
#define TLS __thread
#define HAVE_LASPACK 1
#define HAVE_SFCURVES 1
#define HAVE_ZLIB_H 1
#define HAVE_GZSTREAM 1
#define HAVE_BZIP 1
#define HAVE_XZ 1
#define HAVE_TECPLOT_API 1
#define HAVE_TECPLOT_API_112 1
#define HAVE_METIS 1
#define HAVE_PARMETIS 1
#define HAVE_TETGEN 1
#define HAVE_TRIANGLE 1
#define HAVE_GMV 1
#define HAVE__HOME_LIBS_VTK_X64_INCLUDE_VTK_5_10__VTKCONFIGURE_H 1
#define HAVE_VTK 1
#define HAVE_NETCDF 1
#define HAVE_EXODUS_API 1
#define HAVE_NEMESIS_API 1
#define HAVE_LIBHILBERT 1

configure: exit 0
